#
# There is insufficient memory for the Java Runtime Environment to continue.
# Native memory allocation (malloc) failed to allocate 271376 bytes for Chunk::new
# Possible reasons:
#   The system is out of physical RAM or swap space
#   In 32 bit mode, the process size limit was hit
# Possible solutions:
#   Reduce memory load on the system
#   Increase physical memory or swap space
#   Check if swap backing store is full
#   Use 64 bit Java on a 64 bit OS
#   Decrease Java heap size (-Xmx/-Xms)
#   Decrease number of Java threads
#   Decrease Java thread stack sizes (-Xss)
#   Set larger code cache with -XX:ReservedCodeCacheSize=
# This output file may be truncated or incomplete.
#
#  Out of Memory Error (allocation.cpp:390), pid=1224, tid=0x0000000000003b54
#
# JRE version: OpenJDK Runtime Environment (8.0_152-b02) (build 1.8.0_152-release-1024-b02)
# Java VM: OpenJDK 64-Bit Server VM (25.152-b02 mixed mode windows-amd64 compressed oops)
# Failed to write core dump. Minidumps are not enabled by default on client versions of Windows
#

---------------  T H R E A D  ---------------

Current thread (0x0000000016519000):  JavaThread "C2 CompilerThread2" daemon [_thread_in_native, id=15188, stack(0x0000000018dc0000,0x0000000018ec0000)]

Stack: [0x0000000018dc0000,0x0000000018ec0000]
[error occurred during error reporting (printing stack bounds), id 0xc0000005]

Native frames: (J=compiled Java code, j=interpreted, Vv=VM code, C=native code)


Current CompileTask:
C2:  10837 3147   !   4       sun.misc.Resource::getBytes (242 bytes)


---------------  P R O C E S S  ---------------

Java Threads: ( => current thread )
  0x000000001c537000 JavaThread "build operations Thread 8" [_thread_blocked, id=13732, stack(0x00000000223b0000,0x00000000224b0000)]
  0x000000001c539000 JavaThread "build operations Thread 7" [_thread_blocked, id=9772, stack(0x00000000222b0000,0x00000000223b0000)]
  0x000000001c517000 JavaThread "build operations Thread 6" [_thread_blocked, id=11244, stack(0x00000000221b0000,0x00000000222b0000)]
  0x000000001c51d800 JavaThread "build operations Thread 5" [_thread_blocked, id=16668, stack(0x00000000220b0000,0x00000000221b0000)]
  0x000000001c51d000 JavaThread "build operations Thread 4" [_thread_blocked, id=8128, stack(0x0000000021fb0000,0x00000000220b0000)]
  0x000000001c51c000 JavaThread "build operations Thread 3" [_thread_blocked, id=10020, stack(0x0000000021eb0000,0x0000000021fb0000)]
  0x000000001c51a800 JavaThread "build operations Thread 2" [_thread_blocked, id=17112, stack(0x0000000021db0000,0x0000000021eb0000)]
  0x000000001c517800 JavaThread "build operations" [_thread_blocked, id=552, stack(0x0000000021cb0000,0x0000000021db0000)]
  0x000000001c51a000 JavaThread "Cache worker for Artifact transforms cache (C:\Users\khanm\.gradle\caches\transforms-1)" [_thread_blocked, id=18768, stack(0x00000000219b0000,0x0000000021ab0000)]
  0x000000001a7e1000 JavaThread "Cache worker for file hash cache (C:\Users\khanm\AndroidStudioProjects\HappyBirthday\.gradle\4.4\fileHashes)" [_thread_blocked, id=18328, stack(0x000000001cee0000,0x000000001cfe0000)]
  0x000000001a52c800 JavaThread "File lock request listener" [_thread_in_native, id=16460, stack(0x000000001be10000,0x000000001bf10000)]
  0x000000001a458800 JavaThread "Cache worker for file hash cache (C:\Users\khanm\.gradle\caches\4.4\fileHashes)" [_thread_blocked, id=2984, stack(0x000000001bd10000,0x000000001be10000)]
  0x000000001a356800 JavaThread "Stdin handler" [_thread_blocked, id=11396, stack(0x000000001b910000,0x000000001ba10000)]
  0x000000001a36d000 JavaThread "Asynchronous log dispatcher for DefaultDaemonConnection: socket connection from /127.0.0.1:57301 to /127.0.0.1:57302" [_thread_blocked, id=19160, stack(0x000000001b810000,0x000000001b910000)]
  0x000000001a355800 JavaThread "Daemon worker" [_thread_in_native, id=4032, stack(0x000000001b710000,0x000000001b810000)]
  0x000000001a35d800 JavaThread "Cancel handler" [_thread_blocked, id=10816, stack(0x000000001b610000,0x000000001b710000)]
  0x000000001a31d800 JavaThread "Handler for socket connection from /127.0.0.1:57301 to /127.0.0.1:57302" [_thread_in_native, id=8452, stack(0x000000001b310000,0x000000001b410000)]
  0x000000001a32e800 JavaThread "Daemon" [_thread_blocked, id=11036, stack(0x000000001b210000,0x000000001b310000)]
  0x000000001a30a000 JavaThread "Daemon periodic checks" [_thread_blocked, id=15336, stack(0x000000001b110000,0x000000001b210000)]
  0x000000001a309800 JavaThread "Incoming local TCP Connector on port 57301" [_thread_in_native, id=16976, stack(0x000000001aed0000,0x000000001afd0000)]
  0x0000000018490000 JavaThread "Service Thread" daemon [_thread_blocked, id=9712, stack(0x0000000018fc0000,0x00000000190c0000)]
  0x000000001651e000 JavaThread "C1 CompilerThread3" daemon [_thread_blocked, id=12504, stack(0x0000000018ec0000,0x0000000018fc0000)]
=>0x0000000016519000 JavaThread "C2 CompilerThread2" daemon [_thread_in_native, id=15188, stack(0x0000000018dc0000,0x0000000018ec0000)]
  0x0000000018400000 JavaThread "C2 CompilerThread1" daemon [_thread_blocked, id=6536, stack(0x0000000018cc0000,0x0000000018dc0000)]
  0x00000000183fd000 JavaThread "C2 CompilerThread0" daemon [_thread_in_native, id=14332, stack(0x0000000018bc0000,0x0000000018cc0000)]
  0x00000000183fb800 JavaThread "Attach Listener" daemon [_thread_blocked, id=16900, stack(0x0000000018ac0000,0x0000000018bc0000)]
  0x00000000183fa000 JavaThread "Signal Dispatcher" daemon [_thread_blocked, id=1060, stack(0x00000000189c0000,0x0000000018ac0000)]
  0x00000000183f0800 JavaThread "Finalizer" daemon [_thread_blocked, id=15372, stack(0x00000000187d0000,0x00000000188d0000)]
  0x0000000002747000 JavaThread "Reference Handler" daemon [_thread_blocked, id=12716, stack(0x00000000182d0000,0x00000000183d0000)]
  0x000000000254e000 JavaThread "main" [_thread_blocked, id=11784, stack(0x0000000002550000,0x0000000002650000)]

Other Threads:
  0x0000000016505800 VMThread [stack: 0x00000000181d0000,0x00000000182d0000] [id=19000]
  0x0000000018491000 WatcherThread [stack: 0x00000000190c0000,0x00000000191c0000] [id=17848]

VM state:not at safepoint (normal execution)

VM Mutex/Monitor currently owned by a thread: None

Heap:
 PSYoungGen      total 94208K, used 4417K [0x00000000e0000000, 0x00000000e8900000, 0x0000000100000000)
  eden space 82944K, 5% used [0x00000000e0000000,0x00000000e04506f8,0x00000000e5100000)
  from space 11264K, 0% used [0x00000000e5100000,0x00000000e5100000,0x00000000e5c00000)
  to   space 10752K, 0% used [0x00000000e7e80000,0x00000000e7e80000,0x00000000e8900000)
 ParOldGen       total 59904K, used 14267K [0x00000000a0000000, 0x00000000a3a80000, 0x00000000e0000000)
  object space 59904K, 23% used [0x00000000a0000000,0x00000000a0deec90,0x00000000a3a80000)
 Metaspace       used 35177K, capacity 35850K, committed 36056K, reserved 1081344K
  class space    used 4833K, capacity 5037K, committed 5120K, reserved 1048576K

Card table byte_map: [0x0000000011b10000,0x0000000011e20000] byte_map_base: 0x0000000011610000

Marking Bits: (ParMarkBitMap*) 0x000000006b184970
 Begin Bits: [0x0000000012820000, 0x0000000014020000)
 End Bits:   [0x0000000014020000, 0x0000000015820000)

Polling page: 0x0000000002460000

CodeCache: size=245760Kb used=9761Kb max_used=10015Kb free=235998Kb
 bounds [0x0000000002750000, 0x0000000003130000, 0x0000000011750000]
 total_blobs=3497 nmethods=2801 adapters=609
 compilation: enabled

Compilation events (10 events):
Event: 10.795 Thread 0x000000001651e000 3142       1       com.google.common.collect.MapMakerInternalMap$1::clear (1 bytes)
Event: 10.795 Thread 0x000000001651e000 nmethod 3142 0x0000000002ec2790 code [0x0000000002ec28e0, 0x0000000002ec29f0]
Event: 10.795 Thread 0x0000000016519000 nmethod 3141 0x0000000002b97550 code [0x0000000002b976a0, 0x0000000002b97a88]
Event: 10.795 Thread 0x00000000183fd000 3143       4       java.lang.ClassLoader::defineClass (43 bytes)
Event: 10.802 Thread 0x0000000018400000 3144   !   4       java.security.SecureClassLoader::getProtectionDomain (114 bytes)
Event: 10.810 Thread 0x000000001651e000 3145       3       java.lang.invoke.MethodHandleNatives::refKindIsField (32 bytes)
Event: 10.810 Thread 0x000000001651e000 nmethod 3145 0x0000000002a31d50 code [0x0000000002a31ea0, 0x0000000002a32050]
Event: 10.810 Thread 0x000000001651e000 3146       3       java.lang.invoke.MethodTypeForm::cachedLambdaForm (44 bytes)
Event: 10.811 Thread 0x000000001651e000 nmethod 3146 0x0000000002c98f50 code [0x0000000002c990e0, 0x0000000002c99530]
Event: 10.812 Thread 0x0000000016519000 3147   !   4       sun.misc.Resource::getBytes (242 bytes)

GC Heap History (10 events):
Event: 6.639 GC heap before
{Heap before GC invocations=7 (full 1):
 PSYoungGen      total 37888K, used 32768K [0x00000000e0000000, 0x00000000e5400000, 0x0000000100000000)
  eden space 32768K, 100% used [0x00000000e0000000,0x00000000e2000000,0x00000000e2000000)
  from space 5120K, 0% used [0x00000000e2000000,0x00000000e2000000,0x00000000e2500000)
  to   space 10240K, 0% used [0x00000000e4a00000,0x00000000e4a00000,0x00000000e5400000)
 ParOldGen       total 59904K, used 8159K [0x00000000a0000000, 0x00000000a3a80000, 0x00000000e0000000)
  object space 59904K, 13% used [0x00000000a0000000,0x00000000a07f7e48,0x00000000a3a80000)
 Metaspace       used 24146K, capacity 24576K, committed 24832K, reserved 1071104K
  class space    used 3332K, capacity 3495K, committed 3584K, reserved 1048576K
Event: 6.663 GC heap after
Heap after GC invocations=7 (full 1):
 PSYoungGen      total 57344K, used 3903K [0x00000000e0000000, 0x00000000e4e00000, 0x0000000100000000)
  eden space 53248K, 0% used [0x00000000e0000000,0x00000000e0000000,0x00000000e3400000)
  from space 4096K, 95% used [0x00000000e4a00000,0x00000000e4dcfde0,0x00000000e4e00000)
  to   space 10240K, 0% used [0x00000000e3a00000,0x00000000e3a00000,0x00000000e4400000)
 ParOldGen       total 59904K, used 8167K [0x00000000a0000000, 0x00000000a3a80000, 0x00000000e0000000)
  object space 59904K, 13% used [0x00000000a0000000,0x00000000a07f9e48,0x00000000a3a80000)
 Metaspace       used 24146K, capacity 24576K, committed 24832K, reserved 1071104K
  class space    used 3332K, capacity 3495K, committed 3584K, reserved 1048576K
}
Event: 8.090 GC heap before
{Heap before GC invocations=8 (full 1):
 PSYoungGen      total 57344K, used 57151K [0x00000000e0000000, 0x00000000e4e00000, 0x0000000100000000)
  eden space 53248K, 100% used [0x00000000e0000000,0x00000000e3400000,0x00000000e3400000)
  from space 4096K, 95% used [0x00000000e4a00000,0x00000000e4dcfde0,0x00000000e4e00000)
  to   space 10240K, 0% used [0x00000000e3a00000,0x00000000e3a00000,0x00000000e4400000)
 ParOldGen       total 59904K, used 8167K [0x00000000a0000000, 0x00000000a3a80000, 0x00000000e0000000)
  object space 59904K, 13% used [0x00000000a0000000,0x00000000a07f9e48,0x00000000a3a80000)
 Metaspace       used 27813K, capacity 28304K, committed 28416K, reserved 1073152K
  class space    used 3895K, capacity 4053K, committed 4096K, reserved 1048576K
Event: 8.101 GC heap after
Heap after GC invocations=8 (full 1):
 PSYoungGen      total 69632K, used 6509K [0x00000000e0000000, 0x00000000e6580000, 0x0000000100000000)
  eden space 59392K, 0% used [0x00000000e0000000,0x00000000e0000000,0x00000000e3a00000)
  from space 10240K, 63% used [0x00000000e3a00000,0x00000000e405b6f8,0x00000000e4400000)
  to   space 9728K, 0% used [0x00000000e5c00000,0x00000000e5c00000,0x00000000e6580000)
 ParOldGen       total 59904K, used 8175K [0x00000000a0000000, 0x00000000a3a80000, 0x00000000e0000000)
  object space 59904K, 13% used [0x00000000a0000000,0x00000000a07fbe48,0x00000000a3a80000)
 Metaspace       used 27813K, capacity 28304K, committed 28416K, reserved 1073152K
  class space    used 3895K, capacity 4053K, committed 4096K, reserved 1048576K
}
Event: 10.429 GC heap before
{Heap before GC invocations=9 (full 1):
 PSYoungGen      total 69632K, used 65901K [0x00000000e0000000, 0x00000000e6580000, 0x0000000100000000)
  eden space 59392K, 100% used [0x00000000e0000000,0x00000000e3a00000,0x00000000e3a00000)
  from space 10240K, 63% used [0x00000000e3a00000,0x00000000e405b6f8,0x00000000e4400000)
  to   space 9728K, 0% used [0x00000000e5c00000,0x00000000e5c00000,0x00000000e6580000)
 ParOldGen       total 59904K, used 8175K [0x00000000a0000000, 0x00000000a3a80000, 0x00000000e0000000)
  object space 59904K, 13% used [0x00000000a0000000,0x00000000a07fbe48,0x00000000a3a80000)
 Metaspace       used 33475K, capacity 34070K, committed 34176K, reserved 1079296K
  class space    used 4669K, capacity 4893K, committed 4992K, reserved 1048576K
Event: 10.445 GC heap after
Heap after GC invocations=9 (full 1):
 PSYoungGen      total 92672K, used 9726K [0x00000000e0000000, 0x00000000e7000000, 0x0000000100000000)
  eden space 82944K, 0% used [0x00000000e0000000,0x00000000e0000000,0x00000000e5100000)
  from space 9728K, 99% used [0x00000000e5c00000,0x00000000e657fb10,0x00000000e6580000)
  to   space 11264K, 0% used [0x00000000e5100000,0x00000000e5100000,0x00000000e5c00000)
 ParOldGen       total 59904K, used 8995K [0x00000000a0000000, 0x00000000a3a80000, 0x00000000e0000000)
  object space 59904K, 15% used [0x00000000a0000000,0x00000000a08c8c70,0x00000000a3a80000)
 Metaspace       used 33475K, capacity 34070K, committed 34176K, reserved 1079296K
  class space    used 4669K, capacity 4893K, committed 4992K, reserved 1048576K
}
Event: 10.593 GC heap before
{Heap before GC invocations=10 (full 1):
 PSYoungGen      total 92672K, used 15685K [0x00000000e0000000, 0x00000000e7000000, 0x0000000100000000)
  eden space 82944K, 7% used [0x00000000e0000000,0x00000000e05d1c60,0x00000000e5100000)
  from space 9728K, 99% used [0x00000000e5c00000,0x00000000e657fb10,0x00000000e6580000)
  to   space 11264K, 0% used [0x00000000e5100000,0x00000000e5100000,0x00000000e5c00000)
 ParOldGen       total 59904K, used 8995K [0x00000000a0000000, 0x00000000a3a80000, 0x00000000e0000000)
  object space 59904K, 15% used [0x00000000a0000000,0x00000000a08c8c70,0x00000000a3a80000)
 Metaspace       used 34578K, capacity 35182K, committed 35416K, reserved 1079296K
  class space    used 4771K, capacity 4967K, committed 4992K, reserved 1048576K
Event: 10.603 GC heap after
Heap after GC invocations=10 (full 1):
 PSYoungGen      total 94208K, used 6159K [0x00000000e0000000, 0x00000000e8900000, 0x0000000100000000)
  eden space 82944K, 0% used [0x00000000e0000000,0x00000000e0000000,0x00000000e5100000)
  from space 11264K, 54% used [0x00000000e5100000,0x00000000e5703da0,0x00000000e5c00000)
  to   space 10752K, 0% used [0x00000000e7e80000,0x00000000e7e80000,0x00000000e8900000)
 ParOldGen       total 59904K, used 10511K [0x00000000a0000000, 0x00000000a3a80000, 0x00000000e0000000)
  object space 59904K, 17% used [0x00000000a0000000,0x00000000a0a43cf0,0x00000000a3a80000)
 Metaspace       used 34578K, capacity 35182K, committed 35416K, reserved 1079296K
  class space    used 4771K, capacity 4967K, committed 4992K, reserved 1048576K
}
Event: 10.603 GC heap before
{Heap before GC invocations=11 (full 2):
 PSYoungGen      total 94208K, used 6159K [0x00000000e0000000, 0x00000000e8900000, 0x0000000100000000)
  eden space 82944K, 0% used [0x00000000e0000000,0x00000000e0000000,0x00000000e5100000)
  from space 11264K, 54% used [0x00000000e5100000,0x00000000e5703da0,0x00000000e5c00000)
  to   space 10752K, 0% used [0x00000000e7e80000,0x00000000e7e80000,0x00000000e8900000)
 ParOldGen       total 59904K, used 10511K [0x00000000a0000000, 0x00000000a3a80000, 0x00000000e0000000)
  object space 59904K, 17% used [0x00000000a0000000,0x00000000a0a43cf0,0x00000000a3a80000)
 Metaspace       used 34578K, capacity 35182K, committed 35416K, reserved 1079296K
  class space    used 4771K, capacity 4967K, committed 4992K, reserved 1048576K
Event: 10.740 GC heap after
Heap after GC invocations=11 (full 2):
 PSYoungGen      total 94208K, used 0K [0x00000000e0000000, 0x00000000e8900000, 0x0000000100000000)
  eden space 82944K, 0% used [0x00000000e0000000,0x00000000e0000000,0x00000000e5100000)
  from space 11264K, 0% used [0x00000000e5100000,0x00000000e5100000,0x00000000e5c00000)
  to   space 10752K, 0% used [0x00000000e7e80000,0x00000000e7e80000,0x00000000e8900000)
 ParOldGen       total 59904K, used 14267K [0x00000000a0000000, 0x00000000a3a80000, 0x00000000e0000000)
  object space 59904K, 23% used [0x00000000a0000000,0x00000000a0deec90,0x00000000a3a80000)
 Metaspace       used 34578K, capacity 35182K, committed 35416K, reserved 1079296K
  class space    used 4771K, capacity 4967K, committed 4992K, reserved 1048576K
}

Deoptimization events (10 events):
Event: 9.386 Thread 0x000000001a355800 Uncommon trap: reason=unstable_if action=reinterpret pc=0x0000000002b94a40 method=java.util.WeakHashMap.expungeStaleEntries()V @ 9
Event: 9.404 Thread 0x000000001a355800 Uncommon trap: reason=unstable_if action=reinterpret pc=0x0000000002f2d338 method=java.net.URLClassLoader.isSealed(Ljava/lang/String;Ljava/util/jar/Manifest;)Z @ 26
Event: 9.405 Thread 0x000000001a355800 Uncommon trap: reason=unstable_if action=reinterpret pc=0x0000000002ef85d4 method=java.net.URLClassLoader.isSealed(Ljava/lang/String;Ljava/util/jar/Manifest;)Z @ 26
Event: 9.519 Thread 0x000000001a355800 Uncommon trap: reason=range_check action=make_not_entrant pc=0x000000000304003c method=java.lang.String.charAt(I)C @ 27
Event: 9.927 Thread 0x000000001a355800 Uncommon trap: reason=class_check action=maybe_recompile pc=0x00000000028957e0 method=java.io.BufferedInputStream.read1([BII)I @ 39
Event: 9.927 Thread 0x000000001a355800 Uncommon trap: reason=class_check action=maybe_recompile pc=0x00000000028957e0 method=java.io.BufferedInputStream.read1([BII)I @ 39
Event: 9.927 Thread 0x000000001a355800 Uncommon trap: reason=class_check action=maybe_recompile pc=0x00000000028957e0 method=java.io.BufferedInputStream.read1([BII)I @ 39
Event: 9.932 Thread 0x000000001a355800 Uncommon trap: reason=unstable_if action=reinterpret pc=0x000000000301e750 method=java.util.regex.Pattern.has(I)Z @ 6
Event: 10.105 Thread 0x000000001a355800 Uncommon trap: reason=predicate action=maybe_recompile pc=0x000000000301b730 method=java.util.Arrays.binarySearch0([Ljava/lang/Object;IILjava/lang/Object;Ljava/util/Comparator;)I @ 28
Event: 10.185 Thread 0x000000001a355800 Uncommon trap: reason=unstable_if action=reinterpret pc=0x0000000002d508e0 method=sun.misc.MetaIndex.mayContain(Ljava/lang/String;)Z @ 38

Classes redefined (0 events):
No events

Internal exceptions (10 events):
Event: 9.617 Thread 0x000000001a355800 Exception <a 'java/lang/ClassNotFoundException': org/gradle/api/internal/AbstractTaskBeanInfo> (0x00000000e26a0aa8) thrown at [D:\src\AOSP-openjdk-cygwin\jdk8u\hotspot\src\share\vm\classfile\systemDictionary.cpp, line 210]
Event: 9.619 Thread 0x000000001a355800 Exception <a 'java/lang/ClassNotFoundException': org/gradle/api/internal/AbstractTaskCustomizer> (0x00000000e26caa20) thrown at [D:\src\AOSP-openjdk-cygwin\jdk8u\hotspot\src\share\vm\classfile\systemDictionary.cpp, line 210]
Event: 9.630 Thread 0x000000001a355800 Exception <a 'java/lang/ClassNotFoundException': org/gradle/api/DefaultTaskCustomizer> (0x00000000e27527e0) thrown at [D:\src\AOSP-openjdk-cygwin\jdk8u\hotspot\src\share\vm\classfile\systemDictionary.cpp, line 210]
Event: 9.635 Thread 0x000000001a355800 Exception <a 'java/lang/ClassNotFoundException': org/gradle/api/internal/ConventionTaskCustomizer> (0x00000000e278c018) thrown at [D:\src\AOSP-openjdk-cygwin\jdk8u\hotspot\src\share\vm\classfile\systemDictionary.cpp, line 210]
Event: 9.642 Thread 0x000000001a355800 Exception <a 'java/lang/ClassNotFoundException': org/gradle/api/tasks/DeleteCustomizer> (0x00000000e27c3738) thrown at [D:\src\AOSP-openjdk-cygwin\jdk8u\hotspot\src\share\vm\classfile\systemDictionary.cpp, line 210]
Event: 9.647 Thread 0x000000001a355800 Exception <a 'java/lang/ClassNotFoundException': org/gradle/api/tasks/Delete_DecoratedCustomizer> (0x00000000e2808810) thrown at [D:\src\AOSP-openjdk-cygwin\jdk8u\hotspot\src\share\vm\classfile\systemDictionary.cpp, line 210]
Event: 9.796 Thread 0x000000001a355800 Exception <a 'java/lang/ClassNotFoundException': build_7x84r2pavfc5gp6oirm2g8bj2BeanInfo> (0x00000000e2917970) thrown at [D:\src\AOSP-openjdk-cygwin\jdk8u\hotspot\src\share\vm\classfile\systemDictionary.cpp, line 210]
Event: 9.797 Thread 0x000000001a355800 Exception <a 'java/lang/ClassNotFoundException': build_7x84r2pavfc5gp6oirm2g8bj2Customizer> (0x00000000e2921e38) thrown at [D:\src\AOSP-openjdk-cygwin\jdk8u\hotspot\src\share\vm\classfile\systemDictionary.cpp, line 210]
Event: 9.804 Thread 0x000000001a355800 Exception <a 'java/lang/ClassNotFoundException': org/gradle/api/internal/plugins/DefaultObjectConfigurationActionBeanInfo> (0x00000000e2993ac0) thrown at [D:\src\AOSP-openjdk-cygwin\jdk8u\hotspot\src\share\vm\classfile\systemDictionary.cpp, line 210]
Event: 9.805 Thread 0x000000001a355800 Exception <a 'java/lang/ClassNotFoundException': org/gradle/api/internal/plugins/DefaultObjectConfigurationActionCustomizer> (0x00000000e29c9db0) thrown at [D:\src\AOSP-openjdk-cygwin\jdk8u\hotspot\src\share\vm\classfile\systemDictionary.cpp, line 210]

Events (10 events):
Event: 10.825 loading class com/google/common/collect/ArrayListMultimapGwtSerializationDependencies
Event: 10.825 loading class com/google/common/collect/ArrayListMultimapGwtSerializationDependencies done
Event: 10.826 loading class com/google/common/collect/AbstractListMultimap
Event: 10.826 loading class com/google/common/collect/AbstractListMultimap done
Event: 10.826 loading class com/google/common/collect/AbstractMapBasedMultimap
Event: 10.826 loading class com/google/common/collect/AbstractMapBasedMultimap done
Event: 10.827 loading class com/google/common/collect/AbstractMultimap
Event: 10.827 loading class com/google/common/collect/AbstractMultimap done
Event: 10.828 loading class com/google/common/collect/Multiset
Event: 10.829 loading class com/google/common/collect/Multiset done


Dynamic libraries:
0x00007ff77a120000 - 0x00007ff77a151000 	C:\Program Files\Android\Android Studio\jre\bin\java.exe
0x00007ffb9f170000 - 0x00007ffb9f351000 	C:\WINDOWS\SYSTEM32\ntdll.dll
0x00007ffb9dd40000 - 0x00007ffb9ddf2000 	C:\WINDOWS\System32\KERNEL32.DLL
0x00007ffb9c0c0000 - 0x00007ffb9c333000 	C:\WINDOWS\System32\KERNELBASE.dll
0x00007ffb9de30000 - 0x00007ffb9ded1000 	C:\WINDOWS\System32\ADVAPI32.dll
0x00007ffb9daa0000 - 0x00007ffb9db3e000 	C:\WINDOWS\System32\msvcrt.dll
0x00007ffb9db40000 - 0x00007ffb9db9b000 	C:\WINDOWS\System32\sechost.dll
0x00007ffb9eea0000 - 0x00007ffb9efc4000 	C:\WINDOWS\System32\RPCRT4.dll
0x00007ffb9eae0000 - 0x00007ffb9ec70000 	C:\WINDOWS\System32\USER32.dll
0x00007ffb9c430000 - 0x00007ffb9c450000 	C:\WINDOWS\System32\win32u.dll
0x00007ffb9dd10000 - 0x00007ffb9dd38000 	C:\WINDOWS\System32\GDI32.dll
0x00007ffb9b620000 - 0x00007ffb9b7b2000 	C:\WINDOWS\System32\gdi32full.dll
0x00007ffb9c340000 - 0x00007ffb9c3df000 	C:\WINDOWS\System32\msvcp_win.dll
0x00007ffb9c450000 - 0x00007ffb9c54a000 	C:\WINDOWS\System32\ucrtbase.dll
0x00007ffb872b0000 - 0x00007ffb87519000 	C:\WINDOWS\WinSxS\amd64_microsoft.windows.common-controls_6595b64144ccf1df_6.0.17134.112_none_fb3f961b30681c12\COMCTL32.dll
0x00007ffb9e5f0000 - 0x00007ffb9e913000 	C:\WINDOWS\System32\combase.dll
0x00007ffb9b540000 - 0x00007ffb9b5ba000 	C:\WINDOWS\System32\bcryptPrimitives.dll
0x00007ffb9de00000 - 0x00007ffb9de2d000 	C:\WINDOWS\System32\IMM32.DLL
0x000000006a800000 - 0x000000006a8d2000 	C:\Program Files\Android\Android Studio\jre\jre\bin\msvcr100.dll
0x000000006a9c0000 - 0x000000006b1ff000 	C:\Program Files\Android\Android Studio\jre\jre\bin\server\jvm.dll
0x00007ffb9dc00000 - 0x00007ffb9dc08000 	C:\WINDOWS\System32\PSAPI.DLL
0x00007ffb85490000 - 0x00007ffb85499000 	C:\WINDOWS\SYSTEM32\WSOCK32.dll
0x00007ffb9e580000 - 0x00007ffb9e5ec000 	C:\WINDOWS\System32\WS2_32.dll
0x00007ffb99100000 - 0x00007ffb99123000 	C:\WINDOWS\SYSTEM32\WINMM.dll
0x00007ffb856f0000 - 0x00007ffb856fa000 	C:\WINDOWS\SYSTEM32\VERSION.dll
0x00007ffb990d0000 - 0x00007ffb990fa000 	C:\WINDOWS\SYSTEM32\winmmbase.dll
0x00007ffb9c3e0000 - 0x00007ffb9c429000 	C:\WINDOWS\System32\cfgmgr32.dll
0x00007ffb97680000 - 0x00007ffb9768f000 	C:\Program Files\Android\Android Studio\jre\jre\bin\verify.dll
0x00007ffb89c60000 - 0x00007ffb89c89000 	C:\Program Files\Android\Android Studio\jre\jre\bin\java.dll
0x00007ffb925e0000 - 0x00007ffb925f6000 	C:\Program Files\Android\Android Studio\jre\jre\bin\zip.dll
0x00007ffb9c660000 - 0x00007ffb9daa0000 	C:\WINDOWS\System32\SHELL32.dll
0x00007ffb9ede0000 - 0x00007ffb9ee89000 	C:\WINDOWS\System32\shcore.dll
0x00007ffb9b9b0000 - 0x00007ffb9c0bd000 	C:\WINDOWS\System32\windows.storage.dll
0x00007ffb9dba0000 - 0x00007ffb9dbf1000 	C:\WINDOWS\System32\shlwapi.dll
0x00007ffb9b520000 - 0x00007ffb9b531000 	C:\WINDOWS\System32\kernel.appcore.dll
0x00007ffb9b500000 - 0x00007ffb9b51f000 	C:\WINDOWS\System32\profapi.dll
0x00007ffb9b4a0000 - 0x00007ffb9b4ec000 	C:\WINDOWS\System32\powrprof.dll
0x00007ffb9b4f0000 - 0x00007ffb9b4fa000 	C:\WINDOWS\System32\FLTLIB.DLL
0x00007ffb8e520000 - 0x00007ffb8e53a000 	C:\Program Files\Android\Android Studio\jre\jre\bin\net.dll
0x00007ffb9a940000 - 0x00007ffb9a9a6000 	C:\WINDOWS\system32\mswsock.dll
0x00007ffb8e500000 - 0x00007ffb8e511000 	C:\Program Files\Android\Android Studio\jre\jre\bin\nio.dll
0x00007ffb97ec0000 - 0x00007ffb97ede000 	C:\Users\khanm\.gradle\native\25\windows-amd64\native-platform.dll
0x00007ffb975f0000 - 0x00007ffb975fd000 	C:\Program Files\Android\Android Studio\jre\jre\bin\management.dll
0x00007ffb9b1a0000 - 0x00007ffb9b1b7000 	C:\WINDOWS\SYSTEM32\CRYPTSP.dll
0x00007ffb9a520000 - 0x00007ffb9a553000 	C:\WINDOWS\system32\rsaenh.dll
0x00007ffb9afa0000 - 0x00007ffb9afc5000 	C:\WINDOWS\SYSTEM32\bcrypt.dll
0x00007ffb9b380000 - 0x00007ffb9b3a8000 	C:\WINDOWS\SYSTEM32\USERENV.dll
0x00007ffb9aaf0000 - 0x00007ffb9aafb000 	C:\WINDOWS\SYSTEM32\CRYPTBASE.dll
0x00007ffb9a6c0000 - 0x00007ffb9a6f8000 	C:\WINDOWS\SYSTEM32\IPHLPAPI.DLL
0x00007ffb9ee90000 - 0x00007ffb9ee98000 	C:\WINDOWS\System32\NSI.dll
0x00007ffb8f400000 - 0x00007ffb8f416000 	C:\WINDOWS\SYSTEM32\dhcpcsvc6.DLL
0x00007ffb8f570000 - 0x00007ffb8f58a000 	C:\WINDOWS\SYSTEM32\dhcpcsvc.DLL

VM Arguments:
jvm_args: -Xmx1536m -Dfile.encoding=windows-1252 -Duser.country=US -Duser.language=en -Duser.variant 
java_command: org.gradle.launcher.daemon.bootstrap.GradleDaemon 4.4
java_class_path (initial): C:\Users\khanm\.gradle\wrapper\dists\gradle-4.4-all\9br9xq1tocpiv8o6njlyu5op1\gradle-4.4\lib\gradle-launcher-4.4.jar
Launcher Type: SUN_STANDARD

Environment Variables:
PATH=C:\Program Files (x86)\Intel\iCLS Client\;C:\ProgramData\Oracle\Java\javapath;C:\Program Files\Intel\iCLS Client\;C:\WINDOWS\system32;C:\WINDOWS;C:\WINDOWS\System32\Wbem;C:\WINDOWS\System32\WindowsPowerShell\v1.0\;C:\WINDOWS\System32\OpenSSH\;C:\Program Files (x86)\Intel\Intel(R) Management Engine Components\DAL;C:\Program Files\Intel\Intel(R) Management Engine Components\DAL;C:\Program Files (x86)\Intel\Intel(R) Management Engine Components\IPT;C:\Program Files\Intel\Intel(R) Management Engine Components\IPT;C:\Program Files\Intel\WiFi\bin\;C:\Program Files\Common Files\Intel\WirelessCommon\;C:\Program Files\Git\cmd;C:\Users\khanm\AppData\Local\Programs\Python\Python36\Scripts\;C:\Users\khanm\AppData\Local\Programs\Python\Python36\;C:\Users\khanm\AppData\Local\Programs\Python\Python36-32\Scripts\;C:\Users\khanm\AppData\Local\Programs\Python\Python36-32\;C:\Users\khanm\AppData\Local\Microsoft\WindowsApps;C:\Users\khanm\AppData\Local\atom\bin;C:\Users\khanm\AppData\Local\Microsoft\WindowsApps;C:\Program Files\Intel\WiFi\bin\;C:\Program Files\Common Files\Intel\WirelessCommon\;C:\Users\khanml\Android\sdk\tools;C:\Users\khanml\Android\sdk\platform-tools;;C:\Program Files\Microsoft VS Code\bin
USERNAME=khanm
OS=Windows_NT
PROCESSOR_IDENTIFIER=Intel64 Family 6 Model 142 Stepping 10, GenuineIntel



---------------  S Y S T E M  ---------------

OS: Windows 10.0 , 64 bit Build 17134 (10.0.17134.1)

CPU:total 8 (initial active 8) (4 cores per cpu, 2 threads per core) family 6 model 142 stepping 10, cmov, cx8, fxsr, mmx, sse, sse2, sse3, ssse3, sse4.1, sse4.2, popcnt, avx, avx2, aes, clmul, erms, 3dnowpref, lzcnt, ht, tsc, tscinvbit, bmi1, bmi2, adx

Memory: 4k page, physical 8226760k(1845492k free), swap 10172360k(4184k free)

vm_info: OpenJDK 64-Bit Server VM (25.152-b02) for windows-amd64 JRE (1.8.0_152-release-1024-b02), built by "builder" with MS VC++ 10.0 (VS2010)

time: Thu Jun 28 15:22:37 2018
elapsed time: 10 seconds (0d 0h 0m 10s)

